\BOOKMARK [1][-]{section.1}{Introduction}{}
\BOOKMARK [1][-]{section.2}{Pr\351sentation du d\351partement}{}
\BOOKMARK [2][-]{subsection.2.1}{Lieux importants}{section.2}
\BOOKMARK [2][-]{subsection.2.2}{Scolarit\351}{section.2}
\BOOKMARK [3][-]{subsubsection.2.2.1}{Amphis}{subsection.2.2}
\BOOKMARK [3][-]{subsubsection.2.2.2}{TD}{subsection.2.2}
\BOOKMARK [2][-]{subsection.2.3}{Enseignement}{section.2}
\BOOKMARK [1][-]{section.3}{Planning de l'int\351}{}
\BOOKMARK [2][-]{subsection.3.1}{D\351couverte du d\351part'}{section.3}
\BOOKMARK [2][-]{subsection.3.2}{Soir\351e K-F\352t}{section.3}
\BOOKMARK [2][-]{subsection.3.3}{Visite du campus}{section.3}
\BOOKMARK [2][-]{subsection.3.4}{Ptit d\351j}{section.3}
\BOOKMARK [2][-]{subsection.3.5}{P\351tanque/Pastis}{section.3}
\BOOKMARK [2][-]{subsection.3.6}{Boire un verre en ville}{section.3}
\BOOKMARK [2][-]{subsection.3.7}{Barathon}{section.3}
\BOOKMARK [2][-]{subsection.3.8}{Soir\351e Jeux/Karaok\351}{section.3}
\BOOKMARK [2][-]{subsection.3.9}{Flam's}{section.3}
\BOOKMARK [2][-]{subsection.3.10}{Rallye Lyon}{section.3}
\BOOKMARK [2][-]{subsection.3.11}{WEI}{section.3}
\BOOKMARK [2][-]{subsection.3.12}{Barbecue}{section.3}
\BOOKMARK [2][-]{subsection.3.13}{Soir\351e Chouille IF }{section.3}
\BOOKMARK [2][-]{subsection.3.14}{Le WEI}{section.3}
\BOOKMARK [1][-]{section.4}{Pr\351sentation des orgas}{}
\BOOKMARK [1][-]{section.5}{Questionnaire}{}
\BOOKMARK [2][-]{subsection.5.1}{Mais qu'est-ce que je fais avec toutes ces questions ?}{section.5}
\BOOKMARK [1][-]{section.6}{Pr\351sentation pour les admis directs}{}
\BOOKMARK [2][-]{subsection.6.1}{L'INSA en gros}{section.6}
\BOOKMARK [2][-]{subsection.6.2}{INSA, c'est pas que IF}{section.6}
\BOOKMARK [2][-]{subsection.6.3}{Campus}{section.6}
\BOOKMARK [2][-]{subsection.6.4}{Associatif}{section.6}
\BOOKMARK [2][-]{subsection.6.5}{BdE}{section.6}
\BOOKMARK [2][-]{subsection.6.6}{Gros \351v\350nements}{section.6}
\BOOKMARK [2][-]{subsection.6.7}{Lyon en gros}{section.6}
\BOOKMARK [2][-]{subsection.6.8}{Manuel d'arriv\351e}{section.6}
\BOOKMARK [2][-]{subsection.6.9}{Comment venir \340 l'INSA}{section.6}
\BOOKMARK [2][-]{subsection.6.10}{On fait quoi une fois arriv\351}{section.6}
\BOOKMARK [1][-]{section.7}{Lexique}{}
\BOOKMARK [1][-]{section.8}{Plan Campus, TCL}{}
